<?xml version="1.0" encoding="UTF-8"?>
<!-- Generated by org.testng.reporters.JUnitReportReporter -->
<testsuite hostname="LAPTOP-6OACLVLF" failures="0" tests="1" name="stepDefinitions.TestRunner" time="13.698" errors="0" timestamp="2022-01-20T06:06:19 IST" skipped="0">
  <testcase classname="stepDefinitions.TestRunner" name="runScenario" time="13.698"/>
  <system-out/>
</testsuite> <!-- stepDefinitions.TestRunner -->
