<?xml version="1.0" encoding="UTF-8"?>
<!-- Generated by org.testng.reporters.JUnitReportReporter -->
<testsuite skipped="0" hostname="LAPTOP-6OACLVLF" name="stepDefinitions.TestRunner" tests="1" failures="0" timestamp="2022-01-20T07:06:36 IST" time="15.540" errors="0">
  <testcase name="runScenario" time="15.540" classname="stepDefinitions.TestRunner"/>
  <system-out/>
</testsuite> <!-- stepDefinitions.TestRunner -->
